============================= test session starts ==============================
platform darwin -- Python 3.11.13, pytest-8.4.2, pluggy-1.6.0
rootdir: /Users/o11/OpenGov-EarlyMathematics
configfile: pyproject.toml
plugins: asyncio-1.2.0, anyio-4.11.0, cov-7.0.0
asyncio: mode=Mode.AUTO, debug=False, asyncio_default_fixture_loop_scope=None, asyncio_default_test_loop_scope=function
collected 102 items

tests/integration/test_curriculum_integration.py ....                    [  3%]
tests/integration/test_end_to_end.py ....                                [  7%]
tests/unit/test_cli.py ..........                                        [ 17%]
tests/unit/test_config.py .............                                  [ 30%]
tests/unit/test_curriculum.py ...............                            [ 45%]
tests/unit/test_learning_path.py .......                                 [ 51%]
tests/unit/test_logger.py ....                                           [ 55%]
tests/unit/test_models.py ................                               [ 71%]
tests/unit/test_problem_engine.py ....................                   [ 91%]
tests/unit/test_tutor.py .........                                       [100%]

================================ tests coverage ================================
______________ coverage: platform darwin, python 3.11.13-final-0 _______________

Name                                                  Stmts   Miss   Cover   Missing
------------------------------------------------------------------------------------
src/opengov_earlymathematics/__init__.py                  6      0 100.00%
src/opengov_earlymathematics/ai/__init__.py               0      0 100.00%
src/opengov_earlymathematics/ai/tutor.py                 78     25  67.95%   43-45, 102-120, 145-147, 151-174, 178-180, 216, 238-240
src/opengov_earlymathematics/api/__init__.py              0      0 100.00%
src/opengov_earlymathematics/api/main.py                 50     50   0.00%   3-147
src/opengov_earlymathematics/api/routes.py              119    119   0.00%   3-285
src/opengov_earlymathematics/cli.py                      92      9  90.22%   60-61, 88-89, 105, 110-113, 147
src/opengov_earlymathematics/config.py                   69      1  98.55%   111
src/opengov_earlymathematics/core/__init__.py             0      0 100.00%
src/opengov_earlymathematics/core/curriculum.py          37      0 100.00%
src/opengov_earlymathematics/core/learning_path.py       88     32  63.64%   107-108, 135, 156, 173-222, 226-228, 237-247
src/opengov_earlymathematics/core/models.py             164      0 100.00%
src/opengov_earlymathematics/core/problem_engine.py     103     22  78.64%   96, 152-157, 195-205, 238-242, 263, 291-292
src/opengov_earlymathematics/main.py                     18     18   0.00%   4-25
src/opengov_earlymathematics/ml/__init__.py               0      0 100.00%
src/opengov_earlymathematics/ml/student_model.py        157    129  17.83%   31-74, 78-101, 105-119, 125-165, 170-185, 189-205, 209-217, 221-243, 247-296, 301, 305-309
src/opengov_earlymathematics/ui/__init__.py               0      0 100.00%
src/opengov_earlymathematics/ui/app.py                  154    154   0.00%   3-283
src/opengov_earlymathematics/utils/__init__.py            0      0 100.00%
src/opengov_earlymathematics/utils/logger.py             29      2  93.10%   37, 43
------------------------------------------------------------------------------------
TOTAL                                                  1164    561  51.80%
Coverage HTML written to dir htmlcov
============================= 102 passed in 1.76s ==============================
